==29897== Memcheck, a memory error detector
==29897== Copyright (C) 2002-2022, and GNU GPL'd, by Julian Seward et al.
==29897== Using Valgrind-3.22.0 and LibVEX; rerun with -h for copyright info
==29897== Command: ./minishell
==29897== Parent PID: 29163
==29897== 
==29897== 
==29897== HEAP SUMMARY:
==29897==     in use at exit: 232,779 bytes in 235 blocks
==29897==   total heap usage: 611 allocs, 376 frees, 267,668 bytes allocated
==29897== 
==29897== LEAK SUMMARY:
==29897==    definitely lost: 0 bytes in 0 blocks
==29897==    indirectly lost: 0 bytes in 0 blocks
==29897==      possibly lost: 0 bytes in 0 blocks
==29897==    still reachable: 232,779 bytes in 235 blocks
==29897==         suppressed: 0 bytes in 0 blocks
==29897== Reachable blocks (those to which a pointer was found) are not shown.
==29897== To see them, rerun with: --leak-check=full --show-leak-kinds=all
==29897== 
==29897== For lists of detected and suppressed errors, rerun with: -s
==29897== ERROR SUMMARY: 0 errors from 0 contexts (suppressed: 0 from 0)
--- End Test ---
